<?xml version="1.0" encoding="UTF-8"?>
<!-- Generated by org.testng.reporters.JUnitReportReporter -->
<testsuite hostname="Vivek-PC" name="testcases.VerifyHomePage" tests="1" failures="0" timestamp="25 Jun 2016 18:13:16 GMT" time="23.399" errors="0">
  <testcase name="testHomePage" time="23.399" classname="testcases.VerifyHomePage"/>
</testsuite> <!-- testcases.VerifyHomePage -->
