<?xml version="1.0" encoding="UTF-8"?>
<!-- Generated by org.testng.reporters.JUnitReportReporter -->
<testsuite hostname="Vivek-PC" name="testcases.VerifyLoginPage" tests="1" failures="0" timestamp="5 Jul 2016 23:50:15 GMT" time="1.892" errors="0">
  <testcase name="testHomePage" time="1.892" classname="testcases.VerifyLoginPage"/>
</testsuite> <!-- testcases.VerifyLoginPage -->
