<?xml version="1.0" encoding="UTF-8"?>
<!-- Generated by org.testng.reporters.JUnitReportReporter -->
<testsuite hostname="Vivek-PC" name="testcases.VerifyLoginPageWithReports" tests="1" failures="0" timestamp="25 Jun 2016 18:42:42 GMT" time="35.285" errors="0">
  <testcase name="testHomePage" time="35.285" classname="testcases.VerifyLoginPageWithReports"/>
</testsuite> <!-- testcases.VerifyLoginPageWithReports -->
