<?xml version="1.0" encoding="UTF-8"?>
<!-- Generated by org.testng.reporters.JUnitReportReporter -->
<testsuite hostname="Vivek-PC" name="testcases.VerifyLoginPageWithReports" tests="1" failures="0" timestamp="26 Jun 2016 13:53:19 GMT" time="26.354" errors="0">
  <testcase name="testHomePage" time="26.354" classname="testcases.VerifyLoginPageWithReports"/>
</testsuite> <!-- testcases.VerifyLoginPageWithReports -->
