<?xml version="1.0" encoding="UTF-8"?>
<!-- Generated by org.testng.reporters.JUnitReportReporter -->
<testsuite hostname="Vivek-PC" name="testcases.VerifyLoginPageWithReports1" tests="1" failures="0" timestamp="26 Jun 2016 13:53:19 GMT" time="23.039" errors="0">
  <testcase name="testHomePage" time="23.039" classname="testcases.VerifyLoginPageWithReports1"/>
</testsuite> <!-- testcases.VerifyLoginPageWithReports1 -->
